Build started 5/4/2015 4:10:27 PM.
     1>Project "h:\MidiHackDay\Examples\oscpack\oscpack-read-only\oscpack.vcxproj" on node 2 (Rebuild target(s)).
     1>CustomBuild:
         Building Custom Rule H:/MidiHackDay/Examples/oscpack/oscpack-read-only/CMakeLists.txt
         CMake does not need to re-run because H:\MidiHackDay\Examples\oscpack\oscpack-read-only\CMakeFiles\generate.stamp is up-to-date.
       ClCompile:
         H:\Programs\VSExpress\VC\bin\CL.exe /c /I"H:\MidiHackDay\Examples\oscpack\oscpack-read-only" /Zi /nologo /W4 /WX- /Od /Ob0 /Oy- /D WIN32 /D _WINDOWS /D _DEBUG /D "CMAKE_INTDIR=\"Debug\"" /D _MBCS /Gm- /EHsc /RTC1 /MDd /GS /fp:precise /Zc:wchar_t /Zc:forScope /GR /Fo"oscpack.dir\Debug\\" /Fd"oscpack.dir\Debug\vc120.pdb" /Gd /TP /analyze- /errorReport:prompt "H:\MidiHackDay\Examples\oscpack\oscpack-read-only\ip\IpEndpointName.cpp" "H:\MidiHackDay\Examples\oscpack\oscpack-read-only\ip\win32\NetworkingUtils.cpp" "H:\MidiHackDay\Examples\oscpack\oscpack-read-only\ip\win32\UdpSocket.cpp" "H:\MidiHackDay\Examples\oscpack\oscpack-read-only\osc\OscTypes.cpp" "H:\MidiHackDay\Examples\oscpack\oscpack-read-only\osc\OscReceivedElements.cpp" "H:\MidiHackDay\Examples\oscpack\oscpack-read-only\osc\OscPrintReceivedElements.cpp" "H:\MidiHackDay\Examples\oscpack\oscpack-read-only\osc\OscOutboundPacketStream.cpp"
         IpEndpointName.cpp
     1>H:\MidiHackDay\Examples\oscpack\oscpack-read-only\ip\IpEndpointName.cpp(53): warning C4996: 'sprintf': This function or variable may be unsafe. Consider using sprintf_s instead. To disable deprecation, use _CRT_SECURE_NO_WARNINGS. See online help for details.
                 H:\Programs\VSExpress\VC\include\stdio.h(356) : see declaration of 'sprintf'
     1>H:\MidiHackDay\Examples\oscpack\oscpack-read-only\ip\IpEndpointName.cpp(59): warning C4996: 'sprintf': This function or variable may be unsafe. Consider using sprintf_s instead. To disable deprecation, use _CRT_SECURE_NO_WARNINGS. See online help for details.
                 H:\Programs\VSExpress\VC\include\stdio.h(356) : see declaration of 'sprintf'
     1>H:\MidiHackDay\Examples\oscpack\oscpack-read-only\ip\IpEndpointName.cpp(68): warning C4996: 'sprintf': This function or variable may be unsafe. Consider using sprintf_s instead. To disable deprecation, use _CRT_SECURE_NO_WARNINGS. See online help for details.
                 H:\Programs\VSExpress\VC\include\stdio.h(356) : see declaration of 'sprintf'
     1>H:\MidiHackDay\Examples\oscpack\oscpack-read-only\ip\IpEndpointName.cpp(74): warning C4996: 'sprintf': This function or variable may be unsafe. Consider using sprintf_s instead. To disable deprecation, use _CRT_SECURE_NO_WARNINGS. See online help for details.
                 H:\Programs\VSExpress\VC\include\stdio.h(356) : see declaration of 'sprintf'
     1>H:\MidiHackDay\Examples\oscpack\oscpack-read-only\ip\IpEndpointName.cpp(78): warning C4996: 'sprintf': This function or variable may be unsafe. Consider using sprintf_s instead. To disable deprecation, use _CRT_SECURE_NO_WARNINGS. See online help for details.
                 H:\Programs\VSExpress\VC\include\stdio.h(356) : see declaration of 'sprintf'
     1>H:\MidiHackDay\Examples\oscpack\oscpack-read-only\ip\IpEndpointName.cpp(85): warning C4996: 'sprintf': This function or variable may be unsafe. Consider using sprintf_s instead. To disable deprecation, use _CRT_SECURE_NO_WARNINGS. See online help for details.
                 H:\Programs\VSExpress\VC\include\stdio.h(356) : see declaration of 'sprintf'
         NetworkingUtils.cpp
     1>H:\MidiHackDay\Examples\oscpack\oscpack-read-only\ip\win32\NetworkingUtils.cpp(87): warning C4996: 'gethostbyname': Use getaddrinfo() or GetAddrInfoW() instead or define _WINSOCK_DEPRECATED_NO_WARNINGS to disable deprecated API warnings
                 C:\Program Files (x86)\Windows Kits\8.1\Include\um\winsock2.h(2238) : see declaration of 'gethostbyname'
         UdpSocket.cpp
         OscTypes.cpp
         OscReceivedElements.cpp
         OscPrintReceivedElements.cpp
     1>H:\MidiHackDay\Examples\oscpack\oscpack-read-only\osc\OscPrintReceivedElements.cpp(129): warning C4996: 'ctime': This function or variable may be unsafe. Consider using ctime_s instead. To disable deprecation, use _CRT_SECURE_NO_WARNINGS. See online help for details.
                 H:\Programs\VSExpress\VC\include\time.inl(86) : see declaration of 'ctime'
         OscOutboundPacketStream.cpp
     1>H:\MidiHackDay\Examples\oscpack\oscpack-read-only\osc\OscOutboundPacketStream.cpp(363): warning C4996: 'strcpy': This function or variable may be unsafe. Consider using strcpy_s instead. To disable deprecation, use _CRT_SECURE_NO_WARNINGS. See online help for details.
                 H:\Programs\VSExpress\VC\include\string.h(112) : see declaration of 'strcpy'
     1>H:\MidiHackDay\Examples\oscpack\oscpack-read-only\osc\OscOutboundPacketStream.cpp(605): warning C4996: 'strcpy': This function or variable may be unsafe. Consider using strcpy_s instead. To disable deprecation, use _CRT_SECURE_NO_WARNINGS. See online help for details.
                 H:\Programs\VSExpress\VC\include\string.h(112) : see declaration of 'strcpy'
     1>H:\MidiHackDay\Examples\oscpack\oscpack-read-only\osc\OscOutboundPacketStream.cpp(625): warning C4996: 'strcpy': This function or variable may be unsafe. Consider using strcpy_s instead. To disable deprecation, use _CRT_SECURE_NO_WARNINGS. See online help for details.
                 H:\Programs\VSExpress\VC\include\string.h(112) : see declaration of 'strcpy'
         Generating Code...
       Lib:
         H:\Programs\VSExpress\VC\bin\Lib.exe /OUT:"H:\MidiHackDay\Examples\oscpack\oscpack-read-only\Debug\oscpack.lib" /NOLOGO oscpack.dir\Debug\IpEndpointName.obj
         oscpack.dir\Debug\NetworkingUtils.obj
         oscpack.dir\Debug\UdpSocket.obj
         oscpack.dir\Debug\OscTypes.obj
         oscpack.dir\Debug\OscReceivedElements.obj
         oscpack.dir\Debug\OscPrintReceivedElements.obj
         oscpack.dir\Debug\OscOutboundPacketStream.obj
         oscpack.vcxproj -> H:\MidiHackDay\Examples\oscpack\oscpack-read-only\Debug\oscpack.lib
     1>Done Building Project "h:\MidiHackDay\Examples\oscpack\oscpack-read-only\oscpack.vcxproj" (Rebuild target(s)).

Build succeeded.

Time Elapsed 00:00:03.91
